<?xml version="1.0" encoding="UTF-8"?>
<!-- Generated by org.testng.reporters.JUnitReportReporter -->
<testsuite hostname="DESKTOP-1KRHALU" failures="0" tests="1" name="features.Annotation" time="0.014" errors="0" timestamp="2021-10-16T15:07:35 EET" skipped="0">
  <testcase classname="features.Annotation" name="firstTest" time="0.014"/>
  <system-out/>
</testsuite> <!-- features.Annotation -->
