<?xml version="1.0" encoding="UTF-8"?>
<!-- Generated by org.testng.reporters.JUnitReportReporter -->
<testsuite hostname="DESKTOP-1KRHALU" failures="0" tests="2" name="features.DataProviderFeature" time="13.030" errors="0" timestamp="2021-10-16T15:58:27 EET" skipped="0">
  <testcase classname="features.DataProviderFeature" name="loginTest" time="4.451"/>
  <system-out/>
  <testcase classname="features.DataProviderFeature" name="loginTest" time="8.579"/>
  <system-out/>
</testsuite> <!-- features.DataProviderFeature -->
