<?xml version="1.0" encoding="UTF-8"?>
<!-- Generated by org.testng.reporters.JUnitReportReporter -->
<testsuite hostname="DESKTOP-1KRHALU" failures="0" tests="3" name="features.Prioritization" time="0.021" errors="0" timestamp="2021-10-16T14:49:20 EET" skipped="0">
  <testcase classname="features.Prioritization" name="ThirdTest" time="0.008"/>
  <system-out/>
  <testcase classname="features.Prioritization" name="secondTest" time="0.002"/>
  <system-out/>
  <testcase classname="features.Prioritization" name="firstTest" time="0.011"/>
  <system-out/>
</testsuite> <!-- features.Prioritization -->
