<?xml version="1.0" encoding="UTF-8"?>
<!-- Generated by org.testng.reporters.JUnitReportReporter -->
<testsuite hostname="DESKTOP-1KRHALU" failures="0" tests="5" name="features.Dependency" time="0.027" errors="0" timestamp="2021-10-16T20:04:26 EET" skipped="0">
  <testcase classname="features.Dependency" name="E" time="0.011"/>
  <system-out/>
  <testcase classname="features.Dependency" name="B" time="0.004"/>
  <system-out/>
  <testcase classname="features.Dependency" name="D" time="0.004"/>
  <system-out/>
  <testcase classname="features.Dependency" name="C" time="0.005"/>
  <system-out/>
  <testcase classname="features.Dependency" name="A" time="0.003"/>
  <system-out/>
</testsuite> <!-- features.Dependency -->
