<?xml version="1.0" encoding="UTF-8"?>
<!-- Generated by org.testng.reporters.JUnitReportReporter -->
<testsuite hostname="DESKTOP-1KRHALU" failures="0" tests="3" name="features.Dependency" time="0.020" errors="0" timestamp="2021-10-16T14:55:17 EET" skipped="0">
  <testcase classname="features.Dependency" name="C" time="0.015"/>
  <system-out/>
  <testcase classname="features.Dependency" name="A" time="0.002"/>
  <system-out/>
  <testcase classname="features.Dependency" name="B" time="0.003"/>
  <system-out/>
</testsuite> <!-- features.Dependency -->
