<?xml version="1.0" encoding="UTF-8"?>
<!-- Generated by org.testng.reporters.JUnitReportReporter -->
<testsuite hostname="DESKTOP-1KRHALU" failures="0" tests="2" name="features.Grouping" time="0.019" errors="0" timestamp="2021-10-16T20:12:51 EET" skipped="0">
  <testcase classname="features.Grouping" name="TC3" time="0.015"/>
  <system-out/>
  <testcase classname="features.Grouping" name="TC1" time="0.004"/>
  <system-out/>
</testsuite> <!-- features.Grouping -->
