<?xml version="1.0" encoding="UTF-8"?>
<!-- Generated by org.testng.reporters.JUnitReportReporter -->
<testsuite hostname="DESKTOP-1KRHALU" failures="0" tests="3" name="features.DisableEnable" time="0.017" errors="0" timestamp="2021-10-16T14:47:56 EET" skipped="1">
  <testcase classname="features.DisableEnable" name="A" time="0.013"/>
  <system-out/>
  <testcase classname="features.DisableEnable" name="C" time="0.004"/>
  <system-out/>
  <testcase classname="features.DisableEnable" name="B">
    <skipped/>
  </testcase> <!-- B -->
  <system-out/>
</testsuite> <!-- features.DisableEnable -->
