<?xml version="1.0" encoding="UTF-8"?>
<!-- Generated by org.testng.reporters.JUnitReportReporter -->
<testsuite hostname="DESKTOP-1KRHALU" failures="0" tests="1" name="features.Annotation" time="0.008" errors="0" timestamp="2021-10-16T19:39:54 EET" skipped="0">
  <testcase classname="features.Annotation" name="firstTest" time="0.008"/>
  <system-out/>
</testsuite> <!-- features.Annotation -->
