<?xml version="1.0" encoding="UTF-8"?>
<!-- Generated by org.testng.reporters.JUnitReportReporter -->
<testsuite hostname="DESKTOP-1KRHALU" failures="0" tests="4" name="features.Grouping" time="0.029" errors="0" timestamp="2021-10-16T15:04:48 EET" skipped="0">
  <testcase classname="features.Grouping" name="TC4" time="0.019"/>
  <system-out/>
  <testcase classname="features.Grouping" name="TC3" time="0.002"/>
  <system-out/>
  <testcase classname="features.Grouping" name="TC2" time="0.005"/>
  <system-out/>
  <testcase classname="features.Grouping" name="TC1" time="0.003"/>
  <system-out/>
</testsuite> <!-- features.Grouping -->
