<?xml version="1.0" encoding="UTF-8"?>
<!-- Generated by org.testng.reporters.JUnitReportReporter -->
<testsuite hostname="DESKTOP-1KRHALU" failures="0" tests="3" name="features.DisableEnable" time="0.017" errors="0" timestamp="2021-10-16T20:06:47 EET" skipped="0">
  <testcase classname="features.DisableEnable" name="A" time="0.011"/>
  <system-out/>
  <testcase classname="features.DisableEnable" name="C" time="0.003"/>
  <system-out/>
  <testcase classname="features.DisableEnable" name="B" time="0.003"/>
  <system-out/>
</testsuite> <!-- features.DisableEnable -->
