<?xml version="1.0" encoding="UTF-8"?>
<!-- Generated by org.testng.reporters.JUnitReportReporter -->
<testsuite hostname="E1330883" failures="0" tests="5" name="features.Dependency" time="0.006" errors="0" timestamp="2025-04-21T20:55:10 EET" skipped="0">
  <testcase classname="features.Dependency" name="E" time="0.004"/>
  <testcase classname="features.Dependency" name="D" time="0.000"/>
  <testcase classname="features.Dependency" name="A" time="0.001"/>
  <testcase classname="features.Dependency" name="B" time="0.001"/>
  <testcase classname="features.Dependency" name="C" time="0.000"/>
</testsuite> <!-- features.Dependency -->
