<?xml version="1.0" encoding="UTF-8"?>
<!-- Generated by org.testng.reporters.JUnitReportReporter -->
<testsuite hostname="DESKTOP-1KRHALU" failures="0" tests="2" name="features.DataProviderFeature" time="13.726" errors="0" timestamp="2021-10-16T21:49:15 EET" skipped="0">
  <testcase classname="features.DataProviderFeature" name="loginTest" time="4.793"/>
  <system-out/>
  <testcase classname="features.DataProviderFeature" name="loginTest" time="8.933"/>
  <system-out/>
</testsuite> <!-- features.DataProviderFeature -->
