<?xml version="1.0" encoding="UTF-8"?>
<!-- Generated by org.testng.reporters.JUnitReportReporter -->
<testsuite hostname="E1330883" failures="0" tests="2" name="features.Annotation" time="0.035" errors="0" timestamp="2025-04-21T20:44:45 EET" skipped="0">
  <testcase classname="features.Annotation" name="secondTest" time="0.006"/>
  <testcase classname="features.Annotation" name="firstTest" time="0.029"/>
</testsuite> <!-- features.Annotation -->
