<?xml version="1.0" encoding="UTF-8"?>
<!-- Generated by org.testng.reporters.JUnitReportReporter -->
<testsuite hostname="DESKTOP-1KRHALU" failures="0" tests="2" name="features.Parallelization" time="37.234" errors="0" timestamp="2021-10-16T21:19:59 EET" skipped="0">
  <testcase classname="features.Parallelization" name="search" time="18.571"/>
  <system-out/>
  <testcase classname="features.Parallelization" name="login" time="18.663"/>
  <system-out/>
</testsuite> <!-- features.Parallelization -->
